<?xml version="1.0" encoding="UTF-8"?>
<!-- Generated by org.testng.reporters.JUnitReportReporter -->
<testsuite hostname="DESKTOP-2VR1CRA" failures="0" tests="3" name="test.trial" time="0.020" errors="0" timestamp="2023-01-25T07:55:08 IST" skipped="0">
  <testcase classname="test.trial" name="demo2" time="0.002"/>
  <system-out/>
  <testcase classname="test.trial" name="demo3" time="0.003"/>
  <system-out/>
  <testcase classname="test.trial" name="demo" time="0.015"/>
  <system-out/>
</testsuite> <!-- test.trial -->
