<?xml version="1.0" encoding="UTF-8"?>
<!-- Generated by org.testng.reporters.JUnitReportReporter -->
<testsuite hostname="DESKTOP-2VR1CRA" failures="0" tests="3" name="test.day2" time="0.005" errors="0" timestamp="2023-01-24T08:37:33 IST" skipped="0">
  <testcase classname="test.day2" name="shoploan" time="0.001"/>
  <system-out/>
  <testcase classname="test.day2" name="contractorloan" time="0.001"/>
  <system-out/>
  <testcase classname="test.day2" name="factoryloan" time="0.003"/>
  <system-out/>
</testsuite> <!-- test.day2 -->
